<?xml version="1.0" encoding="UTF-8"?>
<!-- Generated by org.testng.reporters.JUnitReportReporter -->
<testsuite hostname="mslwnyn" failures="0" tests="3" name="za.co.tshimx.fnb.testcases.HomePageTest" time="43.945" errors="0" timestamp="06 Jan 2020 11:06:23 GMT" skipped="0">
  <testcase classname="za.co.tshimx.fnb.testcases.HomePageTest" name="register" time="37.950"/>
  <testcase classname="za.co.tshimx.fnb.testcases.HomePageTest" name="homePage" time="0.689"/>
  <testcase classname="za.co.tshimx.fnb.testcases.HomePageTest" name="createAccount" time="5.306"/>
</testsuite> <!-- za.co.tshimx.fnb.testcases.HomePageTest -->
