<?xml version="1.0" encoding="UTF-8"?>
<!-- Generated by org.testng.reporters.JUnitReportReporter -->
<testsuite hostname="mslwnyn" failures="0" tests="3" name="za.co.tshimx.fnb.testcases.HomePageTest" time="46.027" errors="0" timestamp="06 Jan 2020 12:23:33 GMT" skipped="0">
  <testcase classname="za.co.tshimx.fnb.testcases.HomePageTest" name="homePage" time="1.079"/>
  <testcase classname="za.co.tshimx.fnb.testcases.HomePageTest" name="createAccount" time="5.297"/>
  <testcase classname="za.co.tshimx.fnb.testcases.HomePageTest" name="register" time="39.651"/>
</testsuite> <!-- za.co.tshimx.fnb.testcases.HomePageTest -->
